This file contains any messages produced by compilers while
running configure, to aid debugging if configure makes a mistake.

It was created by glog configure 0.3.3, which was
generated by GNU Autoconf 2.69.  Invocation command line was

  $ ./configure --no-create --no-recursion

## --------- ##
## Platform. ##
## --------- ##

hostname = ubuntu
uname -m = x86_64
uname -r = 3.13.0-40-generic
uname -s = Linux
uname -v = #69-Ubuntu SMP Thu Nov 13 17:53:56 UTC 2014

/usr/bin/uname -p = unknown
/bin/uname -X     = unknown

/bin/arch              = unknown
/usr/bin/arch -k       = unknown
/usr/convex/getsysinfo = unknown
/usr/bin/hostinfo      = unknown
/bin/machine           = unknown
/usr/bin/oslevel       = unknown
/bin/universe          = unknown

PATH: /usr/local/sbin
PATH: /usr/local/bin
PATH: /usr/sbin
PATH: /usr/bin
PATH: /sbin
PATH: /bin
PATH: /usr/games
PATH: /usr/local/games


## ----------- ##
## Core tests. ##
## ----------- ##

configure:2778: checking for a BSD-compatible install
configure:2846: result: /usr/bin/install -c
configure:2857: checking whether build environment is sane
configure:2907: result: yes
configure:3048: checking for a thread-safe mkdir -p
configure:3087: result: /bin/mkdir -p
configure:3100: checking for gawk
configure:3130: result: no
configure:3100: checking for mawk
configure:3116: found /usr/bin/mawk
configure:3127: result: mawk
configure:3138: checking whether make sets $(MAKE)
configure:3160: result: yes
configure:3299: checking for gcc
configure:3315: found /usr/bin/gcc
configure:3326: result: gcc
configure:3555: checking for C compiler version
configure:3564: gcc --version >&5
gcc (Ubuntu 4.8.2-19ubuntu1) 4.8.2
Copyright (C) 2013 Free Software Foundation, Inc.
This is free software; see the source for copying conditions.  There is NO
warranty; not even for MERCHANTABILITY or FITNESS FOR A PARTICULAR PURPOSE.

configure:3575: $? = 0
configure:3564: gcc -v >&5
Using built-in specs.
COLLECT_GCC=gcc
COLLECT_LTO_WRAPPER=/usr/lib/gcc/x86_64-linux-gnu/4.8/lto-wrapper
Target: x86_64-linux-gnu
Configured with: ../src/configure -v --with-pkgversion='Ubuntu 4.8.2-19ubuntu1' --with-bugurl=file:///usr/share/doc/gcc-4.8/README.Bugs --enable-languages=c,c++,java,go,d,fortran,objc,obj-c++ --prefix=/usr --program-suffix=-4.8 --enable-shared --enable-linker-build-id --libexecdir=/usr/lib --without-included-gettext --enable-threads=posix --with-gxx-include-dir=/usr/include/c++/4.8 --libdir=/usr/lib --enable-nls --with-sysroot=/ --enable-clocale=gnu --enable-libstdcxx-debug --enable-libstdcxx-time=yes --enable-gnu-unique-object --disable-libmudflap --enable-plugin --with-system-zlib --disable-browser-plugin --enable-java-awt=gtk --enable-gtk-cairo --with-java-home=/usr/lib/jvm/java-1.5.0-gcj-4.8-amd64/jre --enable-java-home --with-jvm-root-dir=/usr/lib/jvm/java-1.5.0-gcj-4.8-amd64 --with-jvm-jar-dir=/usr/lib/jvm-exports/java-1.5.0-gcj-4.8-amd64 --with-arch-directory=amd64 --with-ecj-jar=/usr/share/java/eclipse-ecj.jar --enable-objc-gc --enable-multiarch --disable-werror --with-arch-32=i686 --with-abi=m64 --with-multilib-list=m32,m64,mx32 --with-tune=generic --enable-checking=release --build=x86_64-linux-gnu --host=x86_64-linux-gnu --target=x86_64-linux-gnu
Thread model: posix
gcc version 4.8.2 (Ubuntu 4.8.2-19ubuntu1) 
configure:3575: $? = 0
configure:3564: gcc -V >&5
gcc: error: unrecognized command line option '-V'
gcc: fatal error: no input files
compilation terminated.
configure:3575: $? = 4
configure:3564: gcc -qversion >&5
gcc: error: unrecognized command line option '-qversion'
gcc: fatal error: no input files
compilation terminated.
configure:3575: $? = 4
configure:3595: checking whether the C compiler works
configure:3617: gcc    conftest.c  >&5
configure:3621: $? = 0
configure:3669: result: yes
configure:3672: checking for C compiler default output file name
configure:3674: result: a.out
configure:3680: checking for suffix of executables
configure:3687: gcc -o conftest    conftest.c  >&5
configure:3691: $? = 0
configure:3713: result: 
configure:3735: checking whether we are cross compiling
configure:3743: gcc -o conftest    conftest.c  >&5
configure:3747: $? = 0
configure:3754: ./conftest
configure:3758: $? = 0
configure:3773: result: no
configure:3778: checking for suffix of object files
configure:3800: gcc -c   conftest.c >&5
configure:3804: $? = 0
configure:3825: result: o
configure:3829: checking whether we are using the GNU C compiler
configure:3848: gcc -c   conftest.c >&5
configure:3848: $? = 0
configure:3857: result: yes
configure:3866: checking whether gcc accepts -g
configure:3886: gcc -c -g  conftest.c >&5
configure:3886: $? = 0
configure:3927: result: yes
configure:3944: checking for gcc option to accept ISO C89
configure:4007: gcc  -c -g -O2  conftest.c >&5
configure:4007: $? = 0
configure:4020: result: none needed
configure:4051: checking for style of include used by make
configure:4079: result: GNU
configure:4105: checking dependency style of gcc
configure:4216: result: gcc3
configure:4236: checking how to run the C preprocessor
configure:4267: gcc -E  conftest.c
configure:4267: $? = 0
configure:4281: gcc -E  conftest.c
conftest.c:11:28: fatal error: ac_nonexistent.h: No such file or directory
 #include <ac_nonexistent.h>
                            ^
compilation terminated.
configure:4281: $? = 1
configure: failed program was:
| /* confdefs.h */
| #define PACKAGE_NAME "glog"
| #define PACKAGE_TARNAME "glog"
| #define PACKAGE_VERSION "0.3.3"
| #define PACKAGE_STRING "glog 0.3.3"
| #define PACKAGE_BUGREPORT "opensource@google.com"
| #define PACKAGE_URL ""
| #define PACKAGE "glog"
| #define VERSION "0.3.3"
| /* end confdefs.h.  */
| #include <ac_nonexistent.h>
configure:4306: result: gcc -E
configure:4326: gcc -E  conftest.c
configure:4326: $? = 0
configure:4340: gcc -E  conftest.c
conftest.c:11:28: fatal error: ac_nonexistent.h: No such file or directory
 #include <ac_nonexistent.h>
                            ^
compilation terminated.
configure:4340: $? = 1
configure: failed program was:
| /* confdefs.h */
| #define PACKAGE_NAME "glog"
| #define PACKAGE_TARNAME "glog"
| #define PACKAGE_VERSION "0.3.3"
| #define PACKAGE_STRING "glog 0.3.3"
| #define PACKAGE_BUGREPORT "opensource@google.com"
| #define PACKAGE_URL ""
| #define PACKAGE "glog"
| #define VERSION "0.3.3"
| /* end confdefs.h.  */
| #include <ac_nonexistent.h>
configure:4426: checking for g++
configure:4442: found /usr/bin/g++
configure:4453: result: g++
configure:4480: checking for C++ compiler version
configure:4489: g++ --version >&5
g++ (Ubuntu 4.8.2-19ubuntu1) 4.8.2
Copyright (C) 2013 Free Software Foundation, Inc.
This is free software; see the source for copying conditions.  There is NO
warranty; not even for MERCHANTABILITY or FITNESS FOR A PARTICULAR PURPOSE.

configure:4500: $? = 0
configure:4489: g++ -v >&5
Using built-in specs.
COLLECT_GCC=g++
COLLECT_LTO_WRAPPER=/usr/lib/gcc/x86_64-linux-gnu/4.8/lto-wrapper
Target: x86_64-linux-gnu
Configured with: ../src/configure -v --with-pkgversion='Ubuntu 4.8.2-19ubuntu1' --with-bugurl=file:///usr/share/doc/gcc-4.8/README.Bugs --enable-languages=c,c++,java,go,d,fortran,objc,obj-c++ --prefix=/usr --program-suffix=-4.8 --enable-shared --enable-linker-build-id --libexecdir=/usr/lib --without-included-gettext --enable-threads=posix --with-gxx-include-dir=/usr/include/c++/4.8 --libdir=/usr/lib --enable-nls --with-sysroot=/ --enable-clocale=gnu --enable-libstdcxx-debug --enable-libstdcxx-time=yes --enable-gnu-unique-object --disable-libmudflap --enable-plugin --with-system-zlib --disable-browser-plugin --enable-java-awt=gtk --enable-gtk-cairo --with-java-home=/usr/lib/jvm/java-1.5.0-gcj-4.8-amd64/jre --enable-java-home --with-jvm-root-dir=/usr/lib/jvm/java-1.5.0-gcj-4.8-amd64 --with-jvm-jar-dir=/usr/lib/jvm-exports/java-1.5.0-gcj-4.8-amd64 --with-arch-directory=amd64 --with-ecj-jar=/usr/share/java/eclipse-ecj.jar --enable-objc-gc --enable-multiarch --disable-werror --with-arch-32=i686 --with-abi=m64 --with-multilib-list=m32,m64,mx32 --with-tune=generic --enable-checking=release --build=x86_64-linux-gnu --host=x86_64-linux-gnu --target=x86_64-linux-gnu
Thread model: posix
gcc version 4.8.2 (Ubuntu 4.8.2-19ubuntu1) 
configure:4500: $? = 0
configure:4489: g++ -V >&5
g++: error: unrecognized command line option '-V'
g++: fatal error: no input files
compilation terminated.
configure:4500: $? = 4
configure:4489: g++ -qversion >&5
g++: error: unrecognized command line option '-qversion'
g++: fatal error: no input files
compilation terminated.
configure:4500: $? = 4
configure:4504: checking whether we are using the GNU C++ compiler
configure:4523: g++ -c   conftest.cpp >&5
configure:4523: $? = 0
configure:4532: result: yes
configure:4541: checking whether g++ accepts -g
configure:4561: g++ -c -g  conftest.cpp >&5
configure:4561: $? = 0
configure:4602: result: yes
configure:4627: checking dependency style of g++
configure:4738: result: gcc3
configure:4791: checking build system type
configure:4805: result: x86_64-unknown-linux-gnu
configure:4825: checking host system type
configure:4838: result: x86_64-unknown-linux-gnu
configure:4879: checking how to print strings
configure:4906: result: printf
configure:4927: checking for a sed that does not truncate output
configure:4991: result: /bin/sed
configure:5009: checking for grep that handles long lines and -e
configure:5067: result: /bin/grep
configure:5072: checking for egrep
configure:5134: result: /bin/grep -E
configure:5139: checking for fgrep
configure:5201: result: /bin/grep -F
configure:5236: checking for ld used by gcc
configure:5303: result: /usr/bin/ld
configure:5310: checking if the linker (/usr/bin/ld) is GNU ld
configure:5325: result: yes
configure:5337: checking for BSD- or MS-compatible name lister (nm)
configure:5386: result: /usr/bin/nm -B
configure:5516: checking the name lister (/usr/bin/nm -B) interface
configure:5523: g++ -c -g -O2  conftest.cpp >&5
configure:5526: /usr/bin/nm -B "conftest.o"
configure:5529: output
0000000000000000 B some_variable
configure:5536: result: BSD nm
configure:5539: checking whether ln -s works
configure:5543: result: yes
configure:5551: checking the maximum length of command line arguments
configure:5681: result: 3458764513820540925
configure:5698: checking whether the shell understands some XSI constructs
configure:5708: result: yes
configure:5712: checking whether the shell understands "+="
configure:5718: result: yes
configure:5753: checking how to convert x86_64-unknown-linux-gnu file names to x86_64-unknown-linux-gnu format
configure:5793: result: func_convert_file_noop
configure:5800: checking how to convert x86_64-unknown-linux-gnu file names to toolchain format
configure:5820: result: func_convert_file_noop
configure:5827: checking for /usr/bin/ld option to reload object files
configure:5834: result: -r
configure:5908: checking for objdump
configure:5924: found /usr/bin/objdump
configure:5935: result: objdump
configure:5967: checking how to recognize dependent libraries
configure:6169: result: pass_all
configure:6254: checking for dlltool
configure:6284: result: no
configure:6314: checking how to associate runtime and link libraries
configure:6341: result: printf %s\n
configure:6402: checking for ar
configure:6418: found /usr/bin/ar
configure:6429: result: ar
configure:6466: checking for archiver @FILE support
configure:6483: g++ -c -g -O2  conftest.cpp >&5
configure:6483: $? = 0
configure:6486: ar cru libconftest.a @conftest.lst >&5
configure:6489: $? = 0
configure:6494: ar cru libconftest.a @conftest.lst >&5
ar: conftest.o: No such file or directory
configure:6497: $? = 1
configure:6509: result: @
configure:6567: checking for strip
configure:6583: found /usr/bin/strip
configure:6594: result: strip
configure:6666: checking for ranlib
configure:6682: found /usr/bin/ranlib
configure:6693: result: ranlib
configure:6795: checking command to parse /usr/bin/nm -B output from gcc object
configure:6915: g++ -c -g -O2  conftest.cpp >&5
configure:6918: $? = 0
configure:6922: /usr/bin/nm -B conftest.o \| sed -n -e 's/^.*[ ]\([ABCDGIRSTW][ABCDGIRSTW]*\)[ ][ ]*\([_A-Za-z][_A-Za-z0-9]*\)$/\1 \2 \2/p' | sed '/ __gnu_lto/d' \> conftest.nm
configure:6925: $? = 0
configure:6991: g++ -o conftest -g -O2   conftest.cpp conftstm.o >&5
configure:6994: $? = 0
configure:7032: result: ok
configure:7069: checking for sysroot
configure:7099: result: no
configure:7177: g++ -c -g -O2  conftest.cpp >&5
configure:7180: $? = 0
configure:7356: checking for mt
configure:7372: found /bin/mt
configure:7383: result: mt
configure:7406: checking if mt is a manifest tool
configure:7412: mt '-?'
configure:7420: result: no
configure:8058: checking for ANSI C header files
configure:8078: g++ -c -g -O2  conftest.cpp >&5
configure:8078: $? = 0
./configure: line 8092: conftest.cpp: command not found
configure:8162: result: no
configure:8175: checking for sys/types.h
configure:8175: g++ -c -g -O2  conftest.cpp >&5
configure:8175: $? = 0
configure:8175: result: yes
configure:8175: checking for sys/stat.h
configure:8175: g++ -c -g -O2  conftest.cpp >&5
configure:8175: $? = 0
configure:8175: result: yes
configure:8175: checking for stdlib.h
configure:8175: g++ -c -g -O2  conftest.cpp >&5
configure:8175: $? = 0
configure:8175: result: yes
configure:8175: checking for string.h
configure:8175: g++ -c -g -O2  conftest.cpp >&5
configure:8175: $? = 0
configure:8175: result: yes
configure:8175: checking for memory.h
configure:8175: g++ -c -g -O2  conftest.cpp >&5
configure:8175: $? = 0
configure:8175: result: yes
configure:8175: checking for strings.h
configure:8175: g++ -c -g -O2  conftest.cpp >&5
configure:8175: $? = 0
configure:8175: result: yes
configure:8175: checking for inttypes.h
configure:8175: g++ -c -g -O2  conftest.cpp >&5
configure:8175: $? = 0
configure:8175: result: yes
configure:8175: checking for stdint.h
configure:8175: g++ -c -g -O2  conftest.cpp >&5
configure:8175: $? = 0
configure:8175: result: yes
configure:8175: checking for unistd.h
configure:8175: g++ -c -g -O2  conftest.cpp >&5
configure:8175: $? = 0
configure:8175: result: yes
configure:8189: checking for dlfcn.h
configure:8189: g++ -c -g -O2  conftest.cpp >&5
configure:8189: $? = 0
configure:8189: result: yes
configure:8405: checking for objdir
configure:8420: result: .libs
configure:8691: checking if gcc supports -fno-rtti -fno-exceptions
configure:8709: gcc -c -g -O2  -fno-rtti -fno-exceptions conftest.c >&5
cc1: warning: command line option '-fno-rtti' is valid for C++/ObjC++ but not for C [enabled by default]
configure:8713: $? = 0
configure:8726: result: no
configure:9053: checking for gcc option to produce PIC
configure:9060: result: -fPIC -DPIC
configure:9068: checking if gcc PIC flag -fPIC -DPIC works
configure:9086: gcc -c -g -O2  -fPIC -DPIC -DPIC conftest.c >&5
configure:9090: $? = 0
configure:9103: result: yes
configure:9132: checking if gcc static flag -static works
configure:9160: result: yes
configure:9175: checking if gcc supports -c -o file.o
configure:9196: gcc -c -g -O2  -o out/conftest2.o conftest.c >&5
configure:9200: $? = 0
configure:9222: result: yes
configure:9230: checking if gcc supports -c -o file.o
configure:9277: result: yes
configure:9310: checking whether the gcc linker (/usr/bin/ld -m elf_x86_64) supports shared libraries
configure:10467: result: yes
configure:10504: checking whether -lc should be explicitly linked in
configure:10512: gcc -c -g -O2  conftest.c >&5
configure:10515: $? = 0
configure:10530: gcc -shared  -fPIC -DPIC conftest.o  -v -Wl,-soname -Wl,conftest -o conftest 2\>\&1 \| /bin/grep  -lc  \>/dev/null 2\>\&1
configure:10533: $? = 0
configure:10547: result: no
configure:10707: checking dynamic linker characteristics
configure:11218: gcc -o conftest -g -O2   -Wl,-rpath -Wl,/foo conftest.c  >&5
configure:11218: $? = 0
configure:11452: result: GNU/Linux ld.so
configure:11559: checking how to hardcode library paths into programs
configure:11584: result: immediate
configure:12124: checking whether stripping libraries is possible
configure:12129: result: yes
configure:12164: checking if libtool supports shared libraries
configure:12166: result: yes
configure:12169: checking whether to build shared libraries
configure:12190: result: yes
configure:12193: checking whether to build static libraries
configure:12197: result: yes
configure:12220: checking how to run the C++ preprocessor
configure:12247: g++ -E  conftest.cpp
configure:12247: $? = 0
configure:12261: g++ -E  conftest.cpp
conftest.cpp:22:28: fatal error: ac_nonexistent.h: No such file or directory
 #include <ac_nonexistent.h>
                            ^
compilation terminated.
configure:12261: $? = 1
configure: failed program was:
| /* confdefs.h */
| #define PACKAGE_NAME "glog"
| #define PACKAGE_TARNAME "glog"
| #define PACKAGE_VERSION "0.3.3"
| #define PACKAGE_STRING "glog 0.3.3"
| #define PACKAGE_BUGREPORT "opensource@google.com"
| #define PACKAGE_URL ""
| #define PACKAGE "glog"
| #define VERSION "0.3.3"
| #define HAVE_SYS_TYPES_H 1
| #define HAVE_SYS_STAT_H 1
| #define HAVE_STDLIB_H 1
| #define HAVE_STRING_H 1
| #define HAVE_MEMORY_H 1
| #define HAVE_STRINGS_H 1
| #define HAVE_INTTYPES_H 1
| #define HAVE_STDINT_H 1
| #define HAVE_UNISTD_H 1
| #define HAVE_DLFCN_H 1
| #define LT_OBJDIR ".libs/"
| /* end confdefs.h.  */
| #include <ac_nonexistent.h>
configure:12286: result: g++ -E
configure:12306: g++ -E  conftest.cpp
configure:12306: $? = 0
configure:12320: g++ -E  conftest.cpp
conftest.cpp:22:28: fatal error: ac_nonexistent.h: No such file or directory
 #include <ac_nonexistent.h>
                            ^
compilation terminated.
configure:12320: $? = 1
configure: failed program was:
| /* confdefs.h */
| #define PACKAGE_NAME "glog"
| #define PACKAGE_TARNAME "glog"
| #define PACKAGE_VERSION "0.3.3"
| #define PACKAGE_STRING "glog 0.3.3"
| #define PACKAGE_BUGREPORT "opensource@google.com"
| #define PACKAGE_URL ""
| #define PACKAGE "glog"
| #define VERSION "0.3.3"
| #define HAVE_SYS_TYPES_H 1
| #define HAVE_SYS_STAT_H 1
| #define HAVE_STDLIB_H 1
| #define HAVE_STRING_H 1
| #define HAVE_MEMORY_H 1
| #define HAVE_STRINGS_H 1
| #define HAVE_INTTYPES_H 1
| #define HAVE_STDINT_H 1
| #define HAVE_UNISTD_H 1
| #define HAVE_DLFCN_H 1
| #define LT_OBJDIR ".libs/"
| /* end confdefs.h.  */
| #include <ac_nonexistent.h>
configure:12489: checking for ld used by g++
configure:12556: result: /usr/bin/ld -m elf_x86_64
configure:12563: checking if the linker (/usr/bin/ld -m elf_x86_64) is GNU ld
configure:12578: result: yes
configure:12633: checking whether the g++ linker (/usr/bin/ld -m elf_x86_64) supports shared libraries
configure:13638: result: yes
configure:13674: g++ -c -g -O2  conftest.cpp >&5
configure:13677: $? = 0
configure:14197: checking for g++ option to produce PIC
configure:14204: result: -fPIC -DPIC
configure:14212: checking if g++ PIC flag -fPIC -DPIC works
configure:14230: g++ -c -g -O2  -fPIC -DPIC -DPIC conftest.cpp >&5
configure:14234: $? = 0
configure:14247: result: yes
configure:14270: checking if g++ static flag -static works
configure:14298: result: yes
configure:14310: checking if g++ supports -c -o file.o
configure:14331: g++ -c -g -O2  -o out/conftest2.o conftest.cpp >&5
configure:14335: $? = 0
configure:14357: result: yes
configure:14362: checking if g++ supports -c -o file.o
configure:14409: result: yes
configure:14439: checking whether the g++ linker (/usr/bin/ld -m elf_x86_64) supports shared libraries
configure:14478: result: yes
configure:14619: checking dynamic linker characteristics
configure:15298: result: GNU/Linux ld.so
configure:15351: checking how to hardcode library paths into programs
configure:15376: result: immediate
configure:15441: checking for ANSI C header files
configure:15545: result: no
configure:15555: checking for stdint.h
configure:15555: result: yes
configure:15563: checking for sys/types.h
configure:15563: result: yes
configure:15571: checking for inttypes.h
configure:15571: result: yes
configure:15581: checking for unistd.h
configure:15581: result: yes
configure:15595: checking syscall.h usability
configure:15595: g++ -c -g -O2  conftest.cpp >&5
configure:15595: $? = 0
configure:15595: result: yes
configure:15595: checking syscall.h presence
configure:15595: g++ -E  conftest.cpp
configure:15595: $? = 0
configure:15595: result: yes
configure:15595: checking for syscall.h
configure:15595: result: yes
configure:15607: checking sys/syscall.h usability
configure:15607: g++ -c -g -O2  conftest.cpp >&5
configure:15607: $? = 0
configure:15607: result: yes
configure:15607: checking sys/syscall.h presence
configure:15607: g++ -E  conftest.cpp
configure:15607: $? = 0
configure:15607: result: yes
configure:15607: checking for sys/syscall.h
configure:15607: result: yes
configure:15620: checking execinfo.h usability
configure:15620: g++ -c -g -O2  conftest.cpp >&5
configure:15620: $? = 0
configure:15620: result: yes
configure:15620: checking execinfo.h presence
configure:15620: g++ -E  conftest.cpp
configure:15620: $? = 0
configure:15620: result: yes
configure:15620: checking for execinfo.h
configure:15620: result: yes
configure:15633: checking libunwind.h usability
configure:15633: g++ -c -g -O2  conftest.cpp >&5
conftest.cpp:59:23: fatal error: libunwind.h: No such file or directory
 #include <libunwind.h>
                       ^
compilation terminated.
configure:15633: $? = 1
configure: failed program was:
| /* confdefs.h */
| #define PACKAGE_NAME "glog"
| #define PACKAGE_TARNAME "glog"
| #define PACKAGE_VERSION "0.3.3"
| #define PACKAGE_STRING "glog 0.3.3"
| #define PACKAGE_BUGREPORT "opensource@google.com"
| #define PACKAGE_URL ""
| #define PACKAGE "glog"
| #define VERSION "0.3.3"
| #define HAVE_SYS_TYPES_H 1
| #define HAVE_SYS_STAT_H 1
| #define HAVE_STDLIB_H 1
| #define HAVE_STRING_H 1
| #define HAVE_MEMORY_H 1
| #define HAVE_STRINGS_H 1
| #define HAVE_INTTYPES_H 1
| #define HAVE_STDINT_H 1
| #define HAVE_UNISTD_H 1
| #define HAVE_DLFCN_H 1
| #define LT_OBJDIR ".libs/"
| #define HAVE_UNISTD_H 1
| #define HAVE_SYSCALL_H 1
| #define HAVE_SYS_SYSCALL_H 1
| #define HAVE_EXECINFO_H 1
| /* end confdefs.h.  */
| #include <stdio.h>
| #ifdef HAVE_SYS_TYPES_H
| # include <sys/types.h>
| #endif
| #ifdef HAVE_SYS_STAT_H
| # include <sys/stat.h>
| #endif
| #ifdef STDC_HEADERS
| # include <stdlib.h>
| # include <stddef.h>
| #else
| # ifdef HAVE_STDLIB_H
| #  include <stdlib.h>
| # endif
| #endif
| #ifdef HAVE_STRING_H
| # if !defined STDC_HEADERS && defined HAVE_MEMORY_H
| #  include <memory.h>
| # endif
| # include <string.h>
| #endif
| #ifdef HAVE_STRINGS_H
| # include <strings.h>
| #endif
| #ifdef HAVE_INTTYPES_H
| # include <inttypes.h>
| #endif
| #ifdef HAVE_STDINT_H
| # include <stdint.h>
| #endif
| #ifdef HAVE_UNISTD_H
| # include <unistd.h>
| #endif
| #include <libunwind.h>
configure:15633: result: no
configure:15633: checking libunwind.h presence
configure:15633: g++ -E  conftest.cpp
conftest.cpp:26:23: fatal error: libunwind.h: No such file or directory
 #include <libunwind.h>
                       ^
compilation terminated.
configure:15633: $? = 1
configure: failed program was:
| /* confdefs.h */
| #define PACKAGE_NAME "glog"
| #define PACKAGE_TARNAME "glog"
| #define PACKAGE_VERSION "0.3.3"
| #define PACKAGE_STRING "glog 0.3.3"
| #define PACKAGE_BUGREPORT "opensource@google.com"
| #define PACKAGE_URL ""
| #define PACKAGE "glog"
| #define VERSION "0.3.3"
| #define HAVE_SYS_TYPES_H 1
| #define HAVE_SYS_STAT_H 1
| #define HAVE_STDLIB_H 1
| #define HAVE_STRING_H 1
| #define HAVE_MEMORY_H 1
| #define HAVE_STRINGS_H 1
| #define HAVE_INTTYPES_H 1
| #define HAVE_STDINT_H 1
| #define HAVE_UNISTD_H 1
| #define HAVE_DLFCN_H 1
| #define LT_OBJDIR ".libs/"
| #define HAVE_UNISTD_H 1
| #define HAVE_SYSCALL_H 1
| #define HAVE_SYS_SYSCALL_H 1
| #define HAVE_EXECINFO_H 1
| /* end confdefs.h.  */
| #include <libunwind.h>
configure:15633: result: no
configure:15633: checking for libunwind.h
configure:15633: result: no
configure:15647: checking ucontext.h usability
configure:15647: g++ -c -g -O2  conftest.cpp >&5
configure:15647: $? = 0
configure:15647: result: yes
configure:15647: checking ucontext.h presence
configure:15647: g++ -E  conftest.cpp
configure:15647: $? = 0
configure:15647: result: yes
configure:15647: checking for ucontext.h
configure:15647: result: yes
configure:15659: checking sys/utsname.h usability
configure:15659: g++ -c -g -O2  conftest.cpp >&5
configure:15659: $? = 0
configure:15659: result: yes
configure:15659: checking sys/utsname.h presence
configure:15659: g++ -E  conftest.cpp
configure:15659: $? = 0
configure:15659: result: yes
configure:15659: checking for sys/utsname.h
configure:15659: result: yes
configure:15671: checking pwd.h usability
configure:15671: g++ -c -g -O2  conftest.cpp >&5
configure:15671: $? = 0
configure:15671: result: yes
configure:15671: checking pwd.h presence
configure:15671: g++ -E  conftest.cpp
configure:15671: $? = 0
configure:15671: result: yes
configure:15671: checking for pwd.h
configure:15671: result: yes
configure:15683: checking syslog.h usability
configure:15683: g++ -c -g -O2  conftest.cpp >&5
configure:15683: $? = 0
configure:15683: result: yes
configure:15683: checking syslog.h presence
configure:15683: g++ -E  conftest.cpp
configure:15683: $? = 0
configure:15683: result: yes
configure:15683: checking for syslog.h
configure:15683: result: yes
configure:15695: checking sys/time.h usability
configure:15695: g++ -c -g -O2  conftest.cpp >&5
configure:15695: $? = 0
configure:15695: result: yes
configure:15695: checking sys/time.h presence
configure:15695: g++ -E  conftest.cpp
configure:15695: $? = 0
configure:15695: result: yes
configure:15695: checking for sys/time.h
configure:15695: result: yes
configure:15707: checking glob.h usability
configure:15707: g++ -c -g -O2  conftest.cpp >&5
configure:15707: $? = 0
configure:15707: result: yes
configure:15707: checking glob.h presence
configure:15707: g++ -E  conftest.cpp
configure:15707: $? = 0
configure:15707: result: yes
configure:15707: checking for glob.h
configure:15707: result: yes
configure:15720: checking unwind.h usability
configure:15720: g++ -c -g -O2  conftest.cpp >&5
configure:15720: $? = 0
configure:15720: result: yes
configure:15720: checking unwind.h presence
configure:15720: g++ -E  conftest.cpp
configure:15720: $? = 0
configure:15720: result: yes
configure:15720: checking for unwind.h
configure:15720: result: yes
configure:15735: checking size of void *
configure:15740: g++ -o conftest -g -O2   conftest.cpp  >&5
configure:15740: $? = 0
configure:15740: ./conftest
configure:15740: $? = 0
configure:15754: result: 8
configure:15767: checking for uint16_t
configure:15767: g++ -c -g -O2  conftest.cpp >&5
configure:15767: $? = 0
configure:15767: g++ -c -g -O2  conftest.cpp >&5
conftest.cpp: In function 'int main()':
conftest.cpp:70:22: error: expected primary-expression before ')' token
 if (sizeof ((uint16_t)))
                      ^
configure:15767: $? = 1
configure: failed program was:
| /* confdefs.h */
| #define PACKAGE_NAME "glog"
| #define PACKAGE_TARNAME "glog"
| #define PACKAGE_VERSION "0.3.3"
| #define PACKAGE_STRING "glog 0.3.3"
| #define PACKAGE_BUGREPORT "opensource@google.com"
| #define PACKAGE_URL ""
| #define PACKAGE "glog"
| #define VERSION "0.3.3"
| #define HAVE_SYS_TYPES_H 1
| #define HAVE_SYS_STAT_H 1
| #define HAVE_STDLIB_H 1
| #define HAVE_STRING_H 1
| #define HAVE_MEMORY_H 1
| #define HAVE_STRINGS_H 1
| #define HAVE_INTTYPES_H 1
| #define HAVE_STDINT_H 1
| #define HAVE_UNISTD_H 1
| #define HAVE_DLFCN_H 1
| #define LT_OBJDIR ".libs/"
| #define HAVE_UNISTD_H 1
| #define HAVE_SYSCALL_H 1
| #define HAVE_SYS_SYSCALL_H 1
| #define HAVE_EXECINFO_H 1
| #define HAVE_UCONTEXT_H 1
| #define HAVE_SYS_UTSNAME_H 1
| #define HAVE_PWD_H 1
| #define HAVE_SYSLOG_H 1
| #define HAVE_SYS_TIME_H 1
| #define HAVE_GLOB_H 1
| #define HAVE_UNWIND_H 1
| #define SIZEOF_VOID_P 8
| /* end confdefs.h.  */
| #include <stdio.h>
| #ifdef HAVE_SYS_TYPES_H
| # include <sys/types.h>
| #endif
| #ifdef HAVE_SYS_STAT_H
| # include <sys/stat.h>
| #endif
| #ifdef STDC_HEADERS
| # include <stdlib.h>
| # include <stddef.h>
| #else
| # ifdef HAVE_STDLIB_H
| #  include <stdlib.h>
| # endif
| #endif
| #ifdef HAVE_STRING_H
| # if !defined STDC_HEADERS && defined HAVE_MEMORY_H
| #  include <memory.h>
| # endif
| # include <string.h>
| #endif
| #ifdef HAVE_STRINGS_H
| # include <strings.h>
| #endif
| #ifdef HAVE_INTTYPES_H
| # include <inttypes.h>
| #endif
| #ifdef HAVE_STDINT_H
| # include <stdint.h>
| #endif
| #ifdef HAVE_UNISTD_H
| # include <unistd.h>
| #endif
| int
| main ()
| {
| if (sizeof ((uint16_t)))
| 	    return 0;
|   ;
|   return 0;
| }
configure:15767: result: yes
configure:15774: checking for u_int16_t
configure:15774: g++ -c -g -O2  conftest.cpp >&5
configure:15774: $? = 0
configure:15774: g++ -c -g -O2  conftest.cpp >&5
conftest.cpp: In function 'int main()':
conftest.cpp:70:23: error: expected primary-expression before ')' token
 if (sizeof ((u_int16_t)))
                       ^
configure:15774: $? = 1
configure: failed program was:
| /* confdefs.h */
| #define PACKAGE_NAME "glog"
| #define PACKAGE_TARNAME "glog"
| #define PACKAGE_VERSION "0.3.3"
| #define PACKAGE_STRING "glog 0.3.3"
| #define PACKAGE_BUGREPORT "opensource@google.com"
| #define PACKAGE_URL ""
| #define PACKAGE "glog"
| #define VERSION "0.3.3"
| #define HAVE_SYS_TYPES_H 1
| #define HAVE_SYS_STAT_H 1
| #define HAVE_STDLIB_H 1
| #define HAVE_STRING_H 1
| #define HAVE_MEMORY_H 1
| #define HAVE_STRINGS_H 1
| #define HAVE_INTTYPES_H 1
| #define HAVE_STDINT_H 1
| #define HAVE_UNISTD_H 1
| #define HAVE_DLFCN_H 1
| #define LT_OBJDIR ".libs/"
| #define HAVE_UNISTD_H 1
| #define HAVE_SYSCALL_H 1
| #define HAVE_SYS_SYSCALL_H 1
| #define HAVE_EXECINFO_H 1
| #define HAVE_UCONTEXT_H 1
| #define HAVE_SYS_UTSNAME_H 1
| #define HAVE_PWD_H 1
| #define HAVE_SYSLOG_H 1
| #define HAVE_SYS_TIME_H 1
| #define HAVE_GLOB_H 1
| #define HAVE_UNWIND_H 1
| #define SIZEOF_VOID_P 8
| /* end confdefs.h.  */
| #include <stdio.h>
| #ifdef HAVE_SYS_TYPES_H
| # include <sys/types.h>
| #endif
| #ifdef HAVE_SYS_STAT_H
| # include <sys/stat.h>
| #endif
| #ifdef STDC_HEADERS
| # include <stdlib.h>
| # include <stddef.h>
| #else
| # ifdef HAVE_STDLIB_H
| #  include <stdlib.h>
| # endif
| #endif
| #ifdef HAVE_STRING_H
| # if !defined STDC_HEADERS && defined HAVE_MEMORY_H
| #  include <memory.h>
| # endif
| # include <string.h>
| #endif
| #ifdef HAVE_STRINGS_H
| # include <strings.h>
| #endif
| #ifdef HAVE_INTTYPES_H
| # include <inttypes.h>
| #endif
| #ifdef HAVE_STDINT_H
| # include <stdint.h>
| #endif
| #ifdef HAVE_UNISTD_H
| # include <unistd.h>
| #endif
| int
| main ()
| {
| if (sizeof ((u_int16_t)))
| 	    return 0;
|   ;
|   return 0;
| }
configure:15774: result: yes
configure:15781: checking for __uint16
configure:15781: g++ -c -g -O2  conftest.cpp >&5
conftest.cpp: In function 'int main()':
conftest.cpp:70:13: error: '__uint16' was not declared in this scope
 if (sizeof (__uint16))
             ^
configure:15781: $? = 1
configure: failed program was:
| /* confdefs.h */
| #define PACKAGE_NAME "glog"
| #define PACKAGE_TARNAME "glog"
| #define PACKAGE_VERSION "0.3.3"
| #define PACKAGE_STRING "glog 0.3.3"
| #define PACKAGE_BUGREPORT "opensource@google.com"
| #define PACKAGE_URL ""
| #define PACKAGE "glog"
| #define VERSION "0.3.3"
| #define HAVE_SYS_TYPES_H 1
| #define HAVE_SYS_STAT_H 1
| #define HAVE_STDLIB_H 1
| #define HAVE_STRING_H 1
| #define HAVE_MEMORY_H 1
| #define HAVE_STRINGS_H 1
| #define HAVE_INTTYPES_H 1
| #define HAVE_STDINT_H 1
| #define HAVE_UNISTD_H 1
| #define HAVE_DLFCN_H 1
| #define LT_OBJDIR ".libs/"
| #define HAVE_UNISTD_H 1
| #define HAVE_SYSCALL_H 1
| #define HAVE_SYS_SYSCALL_H 1
| #define HAVE_EXECINFO_H 1
| #define HAVE_UCONTEXT_H 1
| #define HAVE_SYS_UTSNAME_H 1
| #define HAVE_PWD_H 1
| #define HAVE_SYSLOG_H 1
| #define HAVE_SYS_TIME_H 1
| #define HAVE_GLOB_H 1
| #define HAVE_UNWIND_H 1
| #define SIZEOF_VOID_P 8
| /* end confdefs.h.  */
| #include <stdio.h>
| #ifdef HAVE_SYS_TYPES_H
| # include <sys/types.h>
| #endif
| #ifdef HAVE_SYS_STAT_H
| # include <sys/stat.h>
| #endif
| #ifdef STDC_HEADERS
| # include <stdlib.h>
| # include <stddef.h>
| #else
| # ifdef HAVE_STDLIB_H
| #  include <stdlib.h>
| # endif
| #endif
| #ifdef HAVE_STRING_H
| # if !defined STDC_HEADERS && defined HAVE_MEMORY_H
| #  include <memory.h>
| # endif
| # include <string.h>
| #endif
| #ifdef HAVE_STRINGS_H
| # include <strings.h>
| #endif
| #ifdef HAVE_INTTYPES_H
| # include <inttypes.h>
| #endif
| #ifdef HAVE_STDINT_H
| # include <stdint.h>
| #endif
| #ifdef HAVE_UNISTD_H
| # include <unistd.h>
| #endif
| int
| main ()
| {
| if (sizeof (__uint16))
| 	 return 0;
|   ;
|   return 0;
| }
configure:15781: result: no
configure:15789: checking for sigaltstack
configure:15789: g++ -o conftest -g -O2   conftest.cpp  >&5
configure:15789: $? = 0
configure:15789: result: yes
configure:15796: checking for dladdr
configure:15796: g++ -o conftest -g -O2   conftest.cpp  >&5
/tmp/ccOZ8hC0.o: In function `main':
/home/lill/qukan4/opensource/glog/linux-glog/conftest.cpp:69: undefined reference to `dladdr'
collect2: error: ld returned 1 exit status
configure:15796: $? = 1
configure: failed program was:
| /* confdefs.h */
| #define PACKAGE_NAME "glog"
| #define PACKAGE_TARNAME "glog"
| #define PACKAGE_VERSION "0.3.3"
| #define PACKAGE_STRING "glog 0.3.3"
| #define PACKAGE_BUGREPORT "opensource@google.com"
| #define PACKAGE_URL ""
| #define PACKAGE "glog"
| #define VERSION "0.3.3"
| #define HAVE_SYS_TYPES_H 1
| #define HAVE_SYS_STAT_H 1
| #define HAVE_STDLIB_H 1
| #define HAVE_STRING_H 1
| #define HAVE_MEMORY_H 1
| #define HAVE_STRINGS_H 1
| #define HAVE_INTTYPES_H 1
| #define HAVE_STDINT_H 1
| #define HAVE_UNISTD_H 1
| #define HAVE_DLFCN_H 1
| #define LT_OBJDIR ".libs/"
| #define HAVE_UNISTD_H 1
| #define HAVE_SYSCALL_H 1
| #define HAVE_SYS_SYSCALL_H 1
| #define HAVE_EXECINFO_H 1
| #define HAVE_UCONTEXT_H 1
| #define HAVE_SYS_UTSNAME_H 1
| #define HAVE_PWD_H 1
| #define HAVE_SYSLOG_H 1
| #define HAVE_SYS_TIME_H 1
| #define HAVE_GLOB_H 1
| #define HAVE_UNWIND_H 1
| #define SIZEOF_VOID_P 8
| #define HAVE_SIGALTSTACK 1
| /* end confdefs.h.  */
| /* Define dladdr to an innocuous variant, in case <limits.h> declares dladdr.
|    For example, HP-UX 11i <limits.h> declares gettimeofday.  */
| #define dladdr innocuous_dladdr
| 
| /* System header to define __stub macros and hopefully few prototypes,
|     which can conflict with char dladdr (); below.
|     Prefer <limits.h> to <assert.h> if __STDC__ is defined, since
|     <limits.h> exists even on freestanding compilers.  */
| 
| #ifdef __STDC__
| # include <limits.h>
| #else
| # include <assert.h>
| #endif
| 
| #undef dladdr
| 
| /* Override any GCC internal prototype to avoid an error.
|    Use char because int might match the return type of a GCC
|    builtin and then its argument prototype would still apply.  */
| #ifdef __cplusplus
| extern "C"
| #endif
| char dladdr ();
| /* The GNU C library defines this for functions which it implements
|     to always fail with ENOSYS.  Some functions are actually named
|     something starting with __ and the normal name is an alias.  */
| #if defined __stub_dladdr || defined __stub___dladdr
| choke me
| #endif
| 
| int
| main ()
| {
| return dladdr ();
|   ;
|   return 0;
| }
configure:15796: result: no
configure:15803: checking for fcntl
configure:15803: g++ -o conftest -g -O2   conftest.cpp  >&5
configure:15803: $? = 0
configure:15803: result: yes
configure:15812: checking for __attribute__
configure:15831: g++ -c -g -O2  conftest.cpp >&5
configure:15831: $? = 0
configure:15845: result: yes
configure:15860: checking for __builtin_expect
configure:15877: g++ -c -g -O2  conftest.cpp >&5
configure:15877: $? = 0
configure:15891: result: yes
configure:15901: checking for __sync_val_compare_and_swap
configure:15918: g++ -o conftest -g -O2   conftest.cpp  >&5
configure:15918: $? = 0
configure:15933: result: yes
configure:15957: g++ -c -g -O2  conftest.cpp >&5
configure:15957: $? = 0
configure:16165: checking for the pthreads library -lpthreads
configure:16198: gcc -o conftest -g -O2    conftest.c -lpthreads  >&5
conftest.c: In function 'main':
conftest.c:44:22: warning: null argument where non-null required (argument 1) [-Wnonnull]
                      pthread_attr_init(0); pthread_cleanup_push(0, 0);
                      ^
conftest.c:45:22: warning: null argument where non-null required (argument 1) [-Wnonnull]
                      pthread_create(0,0,0,0); pthread_cleanup_pop(0);
                      ^
conftest.c:45:22: warning: null argument where non-null required (argument 3) [-Wnonnull]
/usr/bin/ld: cannot find -lpthreads
collect2: error: ld returned 1 exit status
configure:16198: $? = 1
configure: failed program was:
| /* confdefs.h */
| #define PACKAGE_NAME "glog"
| #define PACKAGE_TARNAME "glog"
| #define PACKAGE_VERSION "0.3.3"
| #define PACKAGE_STRING "glog 0.3.3"
| #define PACKAGE_BUGREPORT "opensource@google.com"
| #define PACKAGE_URL ""
| #define PACKAGE "glog"
| #define VERSION "0.3.3"
| #define HAVE_SYS_TYPES_H 1
| #define HAVE_SYS_STAT_H 1
| #define HAVE_STDLIB_H 1
| #define HAVE_STRING_H 1
| #define HAVE_MEMORY_H 1
| #define HAVE_STRINGS_H 1
| #define HAVE_INTTYPES_H 1
| #define HAVE_STDINT_H 1
| #define HAVE_UNISTD_H 1
| #define HAVE_DLFCN_H 1
| #define LT_OBJDIR ".libs/"
| #define HAVE_UNISTD_H 1
| #define HAVE_SYSCALL_H 1
| #define HAVE_SYS_SYSCALL_H 1
| #define HAVE_EXECINFO_H 1
| #define HAVE_UCONTEXT_H 1
| #define HAVE_SYS_UTSNAME_H 1
| #define HAVE_PWD_H 1
| #define HAVE_SYSLOG_H 1
| #define HAVE_SYS_TIME_H 1
| #define HAVE_GLOB_H 1
| #define HAVE_UNWIND_H 1
| #define SIZEOF_VOID_P 8
| #define HAVE_SIGALTSTACK 1
| #define HAVE_FCNTL 1
| #define HAVE___ATTRIBUTE__ 1
| #define HAVE___BUILTIN_EXPECT 1
| #define HAVE___SYNC_VAL_COMPARE_AND_SWAP 1
| /* end confdefs.h.  */
| #include <pthread.h>
| int
| main ()
| {
| pthread_t th; pthread_join(th, 0);
|                      pthread_attr_init(0); pthread_cleanup_push(0, 0);
|                      pthread_create(0,0,0,0); pthread_cleanup_pop(0);
|   ;
|   return 0;
| }
configure:16207: result: no
configure:16110: checking whether pthreads work without any flags
configure:16198: gcc -o conftest -g -O2    conftest.c   >&5
conftest.c: In function 'main':
conftest.c:44:22: warning: null argument where non-null required (argument 1) [-Wnonnull]
                      pthread_attr_init(0); pthread_cleanup_push(0, 0);
                      ^
conftest.c:45:22: warning: null argument where non-null required (argument 1) [-Wnonnull]
                      pthread_create(0,0,0,0); pthread_cleanup_pop(0);
                      ^
conftest.c:45:22: warning: null argument where non-null required (argument 3) [-Wnonnull]
/tmp/ccWhs9xk.o: In function `main':
/home/lill/qukan4/opensource/glog/linux-glog/conftest.c:43: undefined reference to `pthread_join'
/home/lill/qukan4/opensource/glog/linux-glog/conftest.c:44: undefined reference to `__pthread_register_cancel'
/home/lill/qukan4/opensource/glog/linux-glog/conftest.c:45: undefined reference to `pthread_create'
/home/lill/qukan4/opensource/glog/linux-glog/conftest.c:45: undefined reference to `__pthread_unregister_cancel'
collect2: error: ld returned 1 exit status
configure:16198: $? = 1
configure: failed program was:
| /* confdefs.h */
| #define PACKAGE_NAME "glog"
| #define PACKAGE_TARNAME "glog"
| #define PACKAGE_VERSION "0.3.3"
| #define PACKAGE_STRING "glog 0.3.3"
| #define PACKAGE_BUGREPORT "opensource@google.com"
| #define PACKAGE_URL ""
| #define PACKAGE "glog"
| #define VERSION "0.3.3"
| #define HAVE_SYS_TYPES_H 1
| #define HAVE_SYS_STAT_H 1
| #define HAVE_STDLIB_H 1
| #define HAVE_STRING_H 1
| #define HAVE_MEMORY_H 1
| #define HAVE_STRINGS_H 1
| #define HAVE_INTTYPES_H 1
| #define HAVE_STDINT_H 1
| #define HAVE_UNISTD_H 1
| #define HAVE_DLFCN_H 1
| #define LT_OBJDIR ".libs/"
| #define HAVE_UNISTD_H 1
| #define HAVE_SYSCALL_H 1
| #define HAVE_SYS_SYSCALL_H 1
| #define HAVE_EXECINFO_H 1
| #define HAVE_UCONTEXT_H 1
| #define HAVE_SYS_UTSNAME_H 1
| #define HAVE_PWD_H 1
| #define HAVE_SYSLOG_H 1
| #define HAVE_SYS_TIME_H 1
| #define HAVE_GLOB_H 1
| #define HAVE_UNWIND_H 1
| #define SIZEOF_VOID_P 8
| #define HAVE_SIGALTSTACK 1
| #define HAVE_FCNTL 1
| #define HAVE___ATTRIBUTE__ 1
| #define HAVE___BUILTIN_EXPECT 1
| #define HAVE___SYNC_VAL_COMPARE_AND_SWAP 1
| /* end confdefs.h.  */
| #include <pthread.h>
| int
| main ()
| {
| pthread_t th; pthread_join(th, 0);
|                      pthread_attr_init(0); pthread_cleanup_push(0, 0);
|                      pthread_create(0,0,0,0); pthread_cleanup_pop(0);
|   ;
|   return 0;
| }
configure:16207: result: no
configure:16115: checking whether pthreads work with -Kthread
configure:16198: gcc -o conftest -g -O2 -Kthread   conftest.c   >&5
gcc: error: unrecognized command line option '-Kthread'
configure:16198: $? = 1
configure: failed program was:
| /* confdefs.h */
| #define PACKAGE_NAME "glog"
| #define PACKAGE_TARNAME "glog"
| #define PACKAGE_VERSION "0.3.3"
| #define PACKAGE_STRING "glog 0.3.3"
| #define PACKAGE_BUGREPORT "opensource@google.com"
| #define PACKAGE_URL ""
| #define PACKAGE "glog"
| #define VERSION "0.3.3"
| #define HAVE_SYS_TYPES_H 1
| #define HAVE_SYS_STAT_H 1
| #define HAVE_STDLIB_H 1
| #define HAVE_STRING_H 1
| #define HAVE_MEMORY_H 1
| #define HAVE_STRINGS_H 1
| #define HAVE_INTTYPES_H 1
| #define HAVE_STDINT_H 1
| #define HAVE_UNISTD_H 1
| #define HAVE_DLFCN_H 1
| #define LT_OBJDIR ".libs/"
| #define HAVE_UNISTD_H 1
| #define HAVE_SYSCALL_H 1
| #define HAVE_SYS_SYSCALL_H 1
| #define HAVE_EXECINFO_H 1
| #define HAVE_UCONTEXT_H 1
| #define HAVE_SYS_UTSNAME_H 1
| #define HAVE_PWD_H 1
| #define HAVE_SYSLOG_H 1
| #define HAVE_SYS_TIME_H 1
| #define HAVE_GLOB_H 1
| #define HAVE_UNWIND_H 1
| #define SIZEOF_VOID_P 8
| #define HAVE_SIGALTSTACK 1
| #define HAVE_FCNTL 1
| #define HAVE___ATTRIBUTE__ 1
| #define HAVE___BUILTIN_EXPECT 1
| #define HAVE___SYNC_VAL_COMPARE_AND_SWAP 1
| /* end confdefs.h.  */
| #include <pthread.h>
| int
| main ()
| {
| pthread_t th; pthread_join(th, 0);
|                      pthread_attr_init(0); pthread_cleanup_push(0, 0);
|                      pthread_create(0,0,0,0); pthread_cleanup_pop(0);
|   ;
|   return 0;
| }
configure:16207: result: no
configure:16115: checking whether pthreads work with -kthread
configure:16198: gcc -o conftest -g -O2 -kthread   conftest.c   >&5
gcc: error: unrecognized command line option '-kthread'
configure:16198: $? = 1
configure: failed program was:
| /* confdefs.h */
| #define PACKAGE_NAME "glog"
| #define PACKAGE_TARNAME "glog"
| #define PACKAGE_VERSION "0.3.3"
| #define PACKAGE_STRING "glog 0.3.3"
| #define PACKAGE_BUGREPORT "opensource@google.com"
| #define PACKAGE_URL ""
| #define PACKAGE "glog"
| #define VERSION "0.3.3"
| #define HAVE_SYS_TYPES_H 1
| #define HAVE_SYS_STAT_H 1
| #define HAVE_STDLIB_H 1
| #define HAVE_STRING_H 1
| #define HAVE_MEMORY_H 1
| #define HAVE_STRINGS_H 1
| #define HAVE_INTTYPES_H 1
| #define HAVE_STDINT_H 1
| #define HAVE_UNISTD_H 1
| #define HAVE_DLFCN_H 1
| #define LT_OBJDIR ".libs/"
| #define HAVE_UNISTD_H 1
| #define HAVE_SYSCALL_H 1
| #define HAVE_SYS_SYSCALL_H 1
| #define HAVE_EXECINFO_H 1
| #define HAVE_UCONTEXT_H 1
| #define HAVE_SYS_UTSNAME_H 1
| #define HAVE_PWD_H 1
| #define HAVE_SYSLOG_H 1
| #define HAVE_SYS_TIME_H 1
| #define HAVE_GLOB_H 1
| #define HAVE_UNWIND_H 1
| #define SIZEOF_VOID_P 8
| #define HAVE_SIGALTSTACK 1
| #define HAVE_FCNTL 1
| #define HAVE___ATTRIBUTE__ 1
| #define HAVE___BUILTIN_EXPECT 1
| #define HAVE___SYNC_VAL_COMPARE_AND_SWAP 1
| /* end confdefs.h.  */
| #include <pthread.h>
| int
| main ()
| {
| pthread_t th; pthread_join(th, 0);
|                      pthread_attr_init(0); pthread_cleanup_push(0, 0);
|                      pthread_create(0,0,0,0); pthread_cleanup_pop(0);
|   ;
|   return 0;
| }
configure:16207: result: no
configure:16165: checking for the pthreads library -llthread
configure:16198: gcc -o conftest -g -O2    conftest.c -llthread  >&5
conftest.c: In function 'main':
conftest.c:44:22: warning: null argument where non-null required (argument 1) [-Wnonnull]
                      pthread_attr_init(0); pthread_cleanup_push(0, 0);
                      ^
conftest.c:45:22: warning: null argument where non-null required (argument 1) [-Wnonnull]
                      pthread_create(0,0,0,0); pthread_cleanup_pop(0);
                      ^
conftest.c:45:22: warning: null argument where non-null required (argument 3) [-Wnonnull]
/usr/bin/ld: cannot find -llthread
collect2: error: ld returned 1 exit status
configure:16198: $? = 1
configure: failed program was:
| /* confdefs.h */
| #define PACKAGE_NAME "glog"
| #define PACKAGE_TARNAME "glog"
| #define PACKAGE_VERSION "0.3.3"
| #define PACKAGE_STRING "glog 0.3.3"
| #define PACKAGE_BUGREPORT "opensource@google.com"
| #define PACKAGE_URL ""
| #define PACKAGE "glog"
| #define VERSION "0.3.3"
| #define HAVE_SYS_TYPES_H 1
| #define HAVE_SYS_STAT_H 1
| #define HAVE_STDLIB_H 1
| #define HAVE_STRING_H 1
| #define HAVE_MEMORY_H 1
| #define HAVE_STRINGS_H 1
| #define HAVE_INTTYPES_H 1
| #define HAVE_STDINT_H 1
| #define HAVE_UNISTD_H 1
| #define HAVE_DLFCN_H 1
| #define LT_OBJDIR ".libs/"
| #define HAVE_UNISTD_H 1
| #define HAVE_SYSCALL_H 1
| #define HAVE_SYS_SYSCALL_H 1
| #define HAVE_EXECINFO_H 1
| #define HAVE_UCONTEXT_H 1
| #define HAVE_SYS_UTSNAME_H 1
| #define HAVE_PWD_H 1
| #define HAVE_SYSLOG_H 1
| #define HAVE_SYS_TIME_H 1
| #define HAVE_GLOB_H 1
| #define HAVE_UNWIND_H 1
| #define SIZEOF_VOID_P 8
| #define HAVE_SIGALTSTACK 1
| #define HAVE_FCNTL 1
| #define HAVE___ATTRIBUTE__ 1
| #define HAVE___BUILTIN_EXPECT 1
| #define HAVE___SYNC_VAL_COMPARE_AND_SWAP 1
| /* end confdefs.h.  */
| #include <pthread.h>
| int
| main ()
| {
| pthread_t th; pthread_join(th, 0);
|                      pthread_attr_init(0); pthread_cleanup_push(0, 0);
|                      pthread_create(0,0,0,0); pthread_cleanup_pop(0);
|   ;
|   return 0;
| }
configure:16207: result: no
configure:16115: checking whether pthreads work with -pthread
configure:16198: gcc -o conftest -g -O2 -pthread   conftest.c   >&5
conftest.c: In function 'main':
conftest.c:44:22: warning: null argument where non-null required (argument 1) [-Wnonnull]
                      pthread_attr_init(0); pthread_cleanup_push(0, 0);
                      ^
conftest.c:45:22: warning: null argument where non-null required (argument 1) [-Wnonnull]
                      pthread_create(0,0,0,0); pthread_cleanup_pop(0);
                      ^
conftest.c:45:22: warning: null argument where non-null required (argument 3) [-Wnonnull]
configure:16198: $? = 0
configure:16207: result: yes
configure:16226: checking for joinable pthread attribute
configure:16241: gcc -o conftest -g -O2 -pthread   conftest.c   >&5
configure:16241: $? = 0
configure:16247: result: PTHREAD_CREATE_JOINABLE
configure:16257: checking if more special flags are required for pthreads
configure:16264: result: no
configure:16353: checking whether to check for GCC pthread/shared inconsistencies
configure:16366: gcc -o conftest -shared -fPIC -Wl,-z,defs -g -O2 -pthread   conftest.c   >&5
configure:16366: $? = 0
configure:16378: result: yes
configure:16384: checking whether -pthread is sufficient with -shared
configure:16399: gcc -o conftest -shared -fPIC -Wl,-z,defs -g -O2 -pthread   conftest.c   >&5
conftest.c: In function 'main':
conftest.c:44:8: warning: null argument where non-null required (argument 1) [-Wnonnull]
        pthread_attr_init(0); pthread_cleanup_push(0, 0);
        ^
conftest.c:45:8: warning: null argument where non-null required (argument 1) [-Wnonnull]
        pthread_create(0,0,0,0); pthread_cleanup_pop(0);
        ^
conftest.c:45:8: warning: null argument where non-null required (argument 3) [-Wnonnull]
configure:16399: $? = 0
configure:16406: result: yes
configure:16525: checking for pthread_self in -lpthread
configure:16550: g++ -o conftest -g -O2   conftest.cpp -lpthread   >&5
configure:16550: $? = 0
configure:16559: result: yes
configure:16585: checking for main in -lgflags
configure:16604: g++ -o conftest -g -O2   conftest.cpp -lgflags  -lpthread  >&5
/usr/bin/ld: cannot find -lgflags
collect2: error: ld returned 1 exit status
configure:16604: $? = 1
configure: failed program was:
| /* confdefs.h */
| #define PACKAGE_NAME "glog"
| #define PACKAGE_TARNAME "glog"
| #define PACKAGE_VERSION "0.3.3"
| #define PACKAGE_STRING "glog 0.3.3"
| #define PACKAGE_BUGREPORT "opensource@google.com"
| #define PACKAGE_URL ""
| #define PACKAGE "glog"
| #define VERSION "0.3.3"
| #define HAVE_SYS_TYPES_H 1
| #define HAVE_SYS_STAT_H 1
| #define HAVE_STDLIB_H 1
| #define HAVE_STRING_H 1
| #define HAVE_MEMORY_H 1
| #define HAVE_STRINGS_H 1
| #define HAVE_INTTYPES_H 1
| #define HAVE_STDINT_H 1
| #define HAVE_UNISTD_H 1
| #define HAVE_DLFCN_H 1
| #define LT_OBJDIR ".libs/"
| #define HAVE_UNISTD_H 1
| #define HAVE_SYSCALL_H 1
| #define HAVE_SYS_SYSCALL_H 1
| #define HAVE_EXECINFO_H 1
| #define HAVE_UCONTEXT_H 1
| #define HAVE_SYS_UTSNAME_H 1
| #define HAVE_PWD_H 1
| #define HAVE_SYSLOG_H 1
| #define HAVE_SYS_TIME_H 1
| #define HAVE_GLOB_H 1
| #define HAVE_UNWIND_H 1
| #define SIZEOF_VOID_P 8
| #define HAVE_SIGALTSTACK 1
| #define HAVE_FCNTL 1
| #define HAVE___ATTRIBUTE__ 1
| #define HAVE___BUILTIN_EXPECT 1
| #define HAVE___SYNC_VAL_COMPARE_AND_SWAP 1
| #define HAVE_PTHREAD 1
| #define HAVE_LIBPTHREAD 1
| /* end confdefs.h.  */
| 
| 
| int
| main ()
| {
| return main ();
|   ;
|   return 0;
| }
configure:16613: result: no
configure:16640: checking for gtest-config
configure:16670: result: no
configure:16802: checking support for pthread_rwlock_* functions
configure:16828: gcc -c -g -O2  conftest.c >&5
configure:16828: $? = 0
configure:16842: result: yes
configure:16853: checking whether the compiler implements namespaces
configure:16877: g++ -c -g -O2  conftest.cpp >&5
configure:16877: $? = 0
configure:16890: result: yes
configure:16897: checking what namespace STL code is in
configure:16921: g++ -c -g -O2  conftest.cpp >&5
conftest.cpp: In function 'int main()':
conftest.cpp:47:1: error: 'vector' was not declared in this scope
 vector<int> t; return 0;
 ^
conftest.cpp:47:1: note: suggested alternative:
In file included from /usr/include/c++/4.8/vector:64:0,
                 from conftest.cpp:43:
/usr/include/c++/4.8/bits/stl_vector.h:210:11: note:   'std::vector'
     class vector : protected _Vector_base<_Tp, _Alloc>
           ^
conftest.cpp:47:8: error: expected primary-expression before 'int'
 vector<int> t; return 0;
        ^
conftest.cpp:47:8: error: expected ';' before 'int'
configure:16921: $? = 1
configure: failed program was:
| /* confdefs.h */
| #define PACKAGE_NAME "glog"
| #define PACKAGE_TARNAME "glog"
| #define PACKAGE_VERSION "0.3.3"
| #define PACKAGE_STRING "glog 0.3.3"
| #define PACKAGE_BUGREPORT "opensource@google.com"
| #define PACKAGE_URL ""
| #define PACKAGE "glog"
| #define VERSION "0.3.3"
| #define HAVE_SYS_TYPES_H 1
| #define HAVE_SYS_STAT_H 1
| #define HAVE_STDLIB_H 1
| #define HAVE_STRING_H 1
| #define HAVE_MEMORY_H 1
| #define HAVE_STRINGS_H 1
| #define HAVE_INTTYPES_H 1
| #define HAVE_STDINT_H 1
| #define HAVE_UNISTD_H 1
| #define HAVE_DLFCN_H 1
| #define LT_OBJDIR ".libs/"
| #define HAVE_UNISTD_H 1
| #define HAVE_SYSCALL_H 1
| #define HAVE_SYS_SYSCALL_H 1
| #define HAVE_EXECINFO_H 1
| #define HAVE_UCONTEXT_H 1
| #define HAVE_SYS_UTSNAME_H 1
| #define HAVE_PWD_H 1
| #define HAVE_SYSLOG_H 1
| #define HAVE_SYS_TIME_H 1
| #define HAVE_GLOB_H 1
| #define HAVE_UNWIND_H 1
| #define SIZEOF_VOID_P 8
| #define HAVE_SIGALTSTACK 1
| #define HAVE_FCNTL 1
| #define HAVE___ATTRIBUTE__ 1
| #define HAVE___BUILTIN_EXPECT 1
| #define HAVE___SYNC_VAL_COMPARE_AND_SWAP 1
| #define HAVE_PTHREAD 1
| #define HAVE_LIBPTHREAD 1
| #define HAVE_RWLOCK 1
| #define HAVE_NAMESPACES 1
| /* end confdefs.h.  */
| #include <vector>
| int
| main ()
| {
| vector<int> t; return 0;
|   ;
|   return 0;
| }
configure:16936: g++ -c -g -O2  conftest.cpp >&5
configure:16936: $? = 0
configure:16947: result: std
configure:16998: checking whether compiler supports using ::operator<<
configure:17022: g++ -c -g -O2  conftest.cpp >&5
configure:17022: $? = 0
configure:17035: result: 1
configure:17045: checking for ucontext.h
configure:17045: result: yes
configure:17057: checking sys/ucontext.h usability
configure:17057: g++ -c -g -O2  conftest.cpp >&5
configure:17057: $? = 0
configure:17057: result: yes
configure:17057: checking sys/ucontext.h presence
configure:17057: g++ -E  conftest.cpp
configure:17057: $? = 0
configure:17057: result: yes
configure:17057: checking for sys/ucontext.h
configure:17057: result: yes
configure:17067: checking how to access the program counter from a struct ucontext
configure:17102: g++ -c -g -O2  conftest.cpp >&5
conftest.cpp: In function 'int main()':
conftest.cpp:55:42: error: 'REG_PC' was not declared in this scope
 ucontext_t u; return u.uc_mcontext.gregs[REG_PC] == 0;
                                          ^
configure:17102: $? = 1
configure: failed program was:
| /* confdefs.h */
| #define PACKAGE_NAME "glog"
| #define PACKAGE_TARNAME "glog"
| #define PACKAGE_VERSION "0.3.3"
| #define PACKAGE_STRING "glog 0.3.3"
| #define PACKAGE_BUGREPORT "opensource@google.com"
| #define PACKAGE_URL ""
| #define PACKAGE "glog"
| #define VERSION "0.3.3"
| #define HAVE_SYS_TYPES_H 1
| #define HAVE_SYS_STAT_H 1
| #define HAVE_STDLIB_H 1
| #define HAVE_STRING_H 1
| #define HAVE_MEMORY_H 1
| #define HAVE_STRINGS_H 1
| #define HAVE_INTTYPES_H 1
| #define HAVE_STDINT_H 1
| #define HAVE_UNISTD_H 1
| #define HAVE_DLFCN_H 1
| #define LT_OBJDIR ".libs/"
| #define HAVE_UNISTD_H 1
| #define HAVE_SYSCALL_H 1
| #define HAVE_SYS_SYSCALL_H 1
| #define HAVE_EXECINFO_H 1
| #define HAVE_UCONTEXT_H 1
| #define HAVE_SYS_UTSNAME_H 1
| #define HAVE_PWD_H 1
| #define HAVE_SYSLOG_H 1
| #define HAVE_SYS_TIME_H 1
| #define HAVE_GLOB_H 1
| #define HAVE_UNWIND_H 1
| #define SIZEOF_VOID_P 8
| #define HAVE_SIGALTSTACK 1
| #define HAVE_FCNTL 1
| #define HAVE___ATTRIBUTE__ 1
| #define HAVE___BUILTIN_EXPECT 1
| #define HAVE___SYNC_VAL_COMPARE_AND_SWAP 1
| #define HAVE_PTHREAD 1
| #define HAVE_LIBPTHREAD 1
| #define HAVE_RWLOCK 1
| #define HAVE_NAMESPACES 1
| #define STL_NAMESPACE std
| #define GOOGLE_NAMESPACE google
| #define _START_GOOGLE_NAMESPACE_ namespace google {
| #define _END_GOOGLE_NAMESPACE_ }
| #define HAVE_USING_OPERATOR 1
| #define HAVE_UCONTEXT_H 1
| #define HAVE_SYS_UCONTEXT_H 1
| /* end confdefs.h.  */
| #define _GNU_SOURCE 1
|                          #include <sys/ucontext.h>
| int
| main ()
| {
| ucontext_t u; return u.uc_mcontext.gregs[REG_PC] == 0;
|   ;
|   return 0;
| }
configure:17102: g++ -c -g -O2  conftest.cpp >&5
conftest.cpp: In function 'int main()':
conftest.cpp:55:42: error: 'REG_EIP' was not declared in this scope
 ucontext_t u; return u.uc_mcontext.gregs[REG_EIP] == 0;
                                          ^
configure:17102: $? = 1
configure: failed program was:
| /* confdefs.h */
| #define PACKAGE_NAME "glog"
| #define PACKAGE_TARNAME "glog"
| #define PACKAGE_VERSION "0.3.3"
| #define PACKAGE_STRING "glog 0.3.3"
| #define PACKAGE_BUGREPORT "opensource@google.com"
| #define PACKAGE_URL ""
| #define PACKAGE "glog"
| #define VERSION "0.3.3"
| #define HAVE_SYS_TYPES_H 1
| #define HAVE_SYS_STAT_H 1
| #define HAVE_STDLIB_H 1
| #define HAVE_STRING_H 1
| #define HAVE_MEMORY_H 1
| #define HAVE_STRINGS_H 1
| #define HAVE_INTTYPES_H 1
| #define HAVE_STDINT_H 1
| #define HAVE_UNISTD_H 1
| #define HAVE_DLFCN_H 1
| #define LT_OBJDIR ".libs/"
| #define HAVE_UNISTD_H 1
| #define HAVE_SYSCALL_H 1
| #define HAVE_SYS_SYSCALL_H 1
| #define HAVE_EXECINFO_H 1
| #define HAVE_UCONTEXT_H 1
| #define HAVE_SYS_UTSNAME_H 1
| #define HAVE_PWD_H 1
| #define HAVE_SYSLOG_H 1
| #define HAVE_SYS_TIME_H 1
| #define HAVE_GLOB_H 1
| #define HAVE_UNWIND_H 1
| #define SIZEOF_VOID_P 8
| #define HAVE_SIGALTSTACK 1
| #define HAVE_FCNTL 1
| #define HAVE___ATTRIBUTE__ 1
| #define HAVE___BUILTIN_EXPECT 1
| #define HAVE___SYNC_VAL_COMPARE_AND_SWAP 1
| #define HAVE_PTHREAD 1
| #define HAVE_LIBPTHREAD 1
| #define HAVE_RWLOCK 1
| #define HAVE_NAMESPACES 1
| #define STL_NAMESPACE std
| #define GOOGLE_NAMESPACE google
| #define _START_GOOGLE_NAMESPACE_ namespace google {
| #define _END_GOOGLE_NAMESPACE_ }
| #define HAVE_USING_OPERATOR 1
| #define HAVE_UCONTEXT_H 1
| #define HAVE_SYS_UCONTEXT_H 1
| /* end confdefs.h.  */
| #define _GNU_SOURCE 1
|                          #include <sys/ucontext.h>
| int
| main ()
| {
| ucontext_t u; return u.uc_mcontext.gregs[REG_EIP] == 0;
|   ;
|   return 0;
| }
configure:17102: g++ -c -g -O2  conftest.cpp >&5
configure:17102: $? = 0
configure:17108: result: uc_mcontext.gregs[REG_RIP]
configure:17364: creating ./config.status

## ---------------- ##
## Cache variables. ##
## ---------------- ##

ac_cv___attribute__=yes
ac_cv___attribute___noinline='__attribute__ ((noinline))'
ac_cv___attribute___noreturn='__attribute__ ((noreturn))'
ac_cv___attribute___printf_4_5='__attribute__((__format__ (__printf__, 4, 5)))'
ac_cv___builtin_expect=yes
ac_cv___sync_val_compare_and_swap=yes
ac_cv_build=x86_64-unknown-linux-gnu
ac_cv_c_compiler_gnu=yes
ac_cv_cxx_compiler_gnu=yes
ac_cv_cxx_namespaces=yes
ac_cv_cxx_stl_namespace=std
ac_cv_cxx_using_operator=1
ac_cv_env_CCC_set=
ac_cv_env_CCC_value=
ac_cv_env_CC_set=
ac_cv_env_CC_value=
ac_cv_env_CFLAGS_set=
ac_cv_env_CFLAGS_value=
ac_cv_env_CPPFLAGS_set=
ac_cv_env_CPPFLAGS_value=
ac_cv_env_CPP_set=
ac_cv_env_CPP_value=
ac_cv_env_CXXCPP_set=
ac_cv_env_CXXCPP_value=
ac_cv_env_CXXFLAGS_set=
ac_cv_env_CXXFLAGS_value=
ac_cv_env_CXX_set=
ac_cv_env_CXX_value=
ac_cv_env_LDFLAGS_set=
ac_cv_env_LDFLAGS_value=
ac_cv_env_LIBS_set=
ac_cv_env_LIBS_value=
ac_cv_env_build_alias_set=
ac_cv_env_build_alias_value=
ac_cv_env_host_alias_set=
ac_cv_env_host_alias_value=
ac_cv_env_target_alias_set=
ac_cv_env_target_alias_value=
ac_cv_func_dladdr=no
ac_cv_func_fcntl=yes
ac_cv_func_sigaltstack=yes
ac_cv_have___builtin_expect=1
ac_cv_have___uint16=0
ac_cv_have_inttypes_h=1
ac_cv_have_libgflags=0
ac_cv_have_libunwind_h=0
ac_cv_have_stdint_h=1
ac_cv_have_systypes_h=1
ac_cv_have_u_int16_t=1
ac_cv_have_uint16_t=1
ac_cv_have_unistd_h=1
ac_cv_header_dlfcn_h=yes
ac_cv_header_execinfo_h=yes
ac_cv_header_glob_h=yes
ac_cv_header_inttypes_h=yes
ac_cv_header_libunwind_h=no
ac_cv_header_memory_h=yes
ac_cv_header_pwd_h=yes
ac_cv_header_stdc=no
ac_cv_header_stdint_h=yes
ac_cv_header_stdlib_h=yes
ac_cv_header_string_h=yes
ac_cv_header_strings_h=yes
ac_cv_header_sys_stat_h=yes
ac_cv_header_sys_syscall_h=yes
ac_cv_header_sys_time_h=yes
ac_cv_header_sys_types_h=yes
ac_cv_header_sys_ucontext_h=yes
ac_cv_header_sys_utsname_h=yes
ac_cv_header_syscall_h=yes
ac_cv_header_syslog_h=yes
ac_cv_header_ucontext_h=yes
ac_cv_header_unistd_h=yes
ac_cv_header_unwind_h=yes
ac_cv_host=x86_64-unknown-linux-gnu
ac_cv_lib_gflags_main=no
ac_cv_lib_pthread_pthread_self=yes
ac_cv_objext=o
ac_cv_path_EGREP='/bin/grep -E'
ac_cv_path_FGREP='/bin/grep -F'
ac_cv_path_GREP=/bin/grep
ac_cv_path_SED=/bin/sed
ac_cv_path_install='/usr/bin/install -c'
ac_cv_path_mkdir=/bin/mkdir
ac_cv_prog_AWK=mawk
ac_cv_prog_CPP='gcc -E'
ac_cv_prog_CXXCPP='g++ -E'
ac_cv_prog_ac_ct_AR=ar
ac_cv_prog_ac_ct_CC=gcc
ac_cv_prog_ac_ct_CXX=g++
ac_cv_prog_ac_ct_MANIFEST_TOOL=mt
ac_cv_prog_ac_ct_OBJDUMP=objdump
ac_cv_prog_ac_ct_RANLIB=ranlib
ac_cv_prog_ac_ct_STRIP=strip
ac_cv_prog_cc_c89=
ac_cv_prog_cc_g=yes
ac_cv_prog_cxx_g=yes
ac_cv_prog_make_make_set=yes
ac_cv_rwlock=yes
ac_cv_sizeof_void_p=8
ac_cv_type___uint16=no
ac_cv_type_u_int16_t=yes
ac_cv_type_uint16_t=yes
am_cv_CC_dependencies_compiler_type=gcc3
am_cv_CXX_dependencies_compiler_type=gcc3
lt_cv_ar_at_file=@
lt_cv_archive_cmds_need_lc=no
lt_cv_deplibs_check_method=pass_all
lt_cv_file_magic_cmd='$MAGIC_CMD'
lt_cv_file_magic_test_file=
lt_cv_ld_reload_flag=-r
lt_cv_nm_interface='BSD nm'
lt_cv_objdir=.libs
lt_cv_path_LD=/usr/bin/ld
lt_cv_path_LDCXX='/usr/bin/ld -m elf_x86_64'
lt_cv_path_NM='/usr/bin/nm -B'
lt_cv_path_mainfest_tool=no
lt_cv_prog_compiler_c_o=yes
lt_cv_prog_compiler_c_o_CXX=yes
lt_cv_prog_compiler_pic='-fPIC -DPIC'
lt_cv_prog_compiler_pic_CXX='-fPIC -DPIC'
lt_cv_prog_compiler_pic_works=yes
lt_cv_prog_compiler_pic_works_CXX=yes
lt_cv_prog_compiler_rtti_exceptions=no
lt_cv_prog_compiler_static_works=yes
lt_cv_prog_compiler_static_works_CXX=yes
lt_cv_prog_gnu_ld=yes
lt_cv_prog_gnu_ldcxx=yes
lt_cv_sharedlib_from_linklib_cmd='printf %s\n'
lt_cv_shlibpath_overrides_runpath=no
lt_cv_sys_global_symbol_pipe='sed -n -e '\''s/^.*[	 ]\([ABCDGIRSTW][ABCDGIRSTW]*\)[	 ][	 ]*\([_A-Za-z][_A-Za-z0-9]*\)$/\1 \2 \2/p'\'' | sed '\''/ __gnu_lto/d'\'''
lt_cv_sys_global_symbol_to_c_name_address='sed -n -e '\''s/^: \([^ ]*\)[ ]*$/  {\"\1\", (void *) 0},/p'\'' -e '\''s/^[ABCDGIRSTW]* \([^ ]*\) \([^ ]*\)$/  {"\2", (void *) \&\2},/p'\'''
lt_cv_sys_global_symbol_to_c_name_address_lib_prefix='sed -n -e '\''s/^: \([^ ]*\)[ ]*$/  {\"\1\", (void *) 0},/p'\'' -e '\''s/^[ABCDGIRSTW]* \([^ ]*\) \(lib[^ ]*\)$/  {"\2", (void *) \&\2},/p'\'' -e '\''s/^[ABCDGIRSTW]* \([^ ]*\) \([^ ]*\)$/  {"lib\2", (void *) \&\2},/p'\'''
lt_cv_sys_global_symbol_to_cdecl='sed -n -e '\''s/^T .* \(.*\)$/extern int \1();/p'\'' -e '\''s/^[ABCDGIRSTW]* .* \(.*\)$/extern char \1;/p'\'''
lt_cv_sys_max_cmd_len=3458764513820540925
lt_cv_to_host_file_cmd=func_convert_file_noop
lt_cv_to_tool_file_cmd=func_convert_file_noop

## ----------------- ##
## Output variables. ##
## ----------------- ##

ACLOCAL='${SHELL} /home/lill/qukan4/opensource/glog/linux-glog/missing --run aclocal-1.11'
AMDEPBACKSLASH='\'
AMDEP_FALSE='#'
AMDEP_TRUE=''
AMTAR='$${TAR-tar}'
AR='ar'
AUTOCONF='${SHELL} /home/lill/qukan4/opensource/glog/linux-glog/missing --run autoconf'
AUTOHEADER='${SHELL} /home/lill/qukan4/opensource/glog/linux-glog/missing --run autoheader'
AUTOMAKE='${SHELL} /home/lill/qukan4/opensource/glog/linux-glog/missing --run automake-1.11'
AWK='mawk'
CC='gcc'
CCDEPMODE='depmode=gcc3'
CFLAGS='-g -O2'
CPP='gcc -E'
CPPFLAGS=''
CXX='g++'
CXXCPP='g++ -E'
CXXDEPMODE='depmode=gcc3'
CXXFLAGS='-g -O2'
CYGPATH_W='echo'
DEFS='-DHAVE_CONFIG_H'
DEPDIR='.deps'
DISABLE_RTTI_FALSE=''
DISABLE_RTTI_TRUE='#'
DLLTOOL='false'
DSYMUTIL=''
DUMPBIN=''
ECHO_C=''
ECHO_N='-n'
ECHO_T=''
EGREP='/bin/grep -E'
ENABLE_FRAME_POINTERS_FALSE=''
ENABLE_FRAME_POINTERS_TRUE='#'
EXEEXT=''
FGREP='/bin/grep -F'
GCC_FALSE='#'
GCC_TRUE=''
GFLAGS_CFLAGS=''
GFLAGS_LIBS=''
GMOCK_CFLAGS=''
GMOCK_CONFIG=''
GMOCK_LIBS=''
GREP='/bin/grep'
GTEST_CFLAGS=''
GTEST_CONFIG=''
GTEST_LIBS=''
HAVE_GMOCK_FALSE=''
HAVE_GMOCK_TRUE='#'
INSTALL_DATA='${INSTALL} -m 644'
INSTALL_PROGRAM='${INSTALL}'
INSTALL_SCRIPT='${INSTALL}'
INSTALL_STRIP_PROGRAM='$(install_sh) -c -s'
LD='/usr/bin/ld -m elf_x86_64'
LDFLAGS=''
LIBOBJS=''
LIBS='-lpthread '
LIBTOOL='$(SHELL) $(top_builddir)/libtool'
LIBTOOL_DEPS='./ltmain.sh'
LIPO=''
LN_S='ln -s'
LTLIBOBJS=''
MAKEINFO='${SHELL} /home/lill/qukan4/opensource/glog/linux-glog/missing --run makeinfo'
MANIFEST_TOOL=':'
MKDIR_P='/bin/mkdir -p'
NM='/usr/bin/nm -B'
NMEDIT=''
OBJDUMP='objdump'
OBJEXT='o'
OTOOL64=''
OTOOL=''
PACKAGE='glog'
PACKAGE_BUGREPORT='opensource@google.com'
PACKAGE_NAME='glog'
PACKAGE_STRING='glog 0.3.3'
PACKAGE_TARNAME='glog'
PACKAGE_URL=''
PACKAGE_VERSION='0.3.3'
PATH_SEPARATOR=':'
PTHREAD_CC='gcc'
PTHREAD_CFLAGS='-pthread'
PTHREAD_LIBS=''
RANLIB='ranlib'
SED='/bin/sed'
SET_MAKE=''
SHELL='/bin/bash'
STRIP='strip'
UNWIND_LIBS=''
VERSION='0.3.3'
X86_64_FALSE='#'
X86_64_TRUE=''
ac_ct_AR='ar'
ac_ct_CC='gcc'
ac_ct_CXX='g++'
ac_ct_DUMPBIN=''
ac_cv___attribute___noinline='__attribute__ ((noinline))'
ac_cv___attribute___noreturn='__attribute__ ((noreturn))'
ac_cv___attribute___printf_4_5='__attribute__((__format__ (__printf__, 4, 5)))'
ac_cv_cxx_using_operator='1'
ac_cv_have___builtin_expect='1'
ac_cv_have___uint16='0'
ac_cv_have_inttypes_h='1'
ac_cv_have_libgflags='0'
ac_cv_have_stdint_h='1'
ac_cv_have_systypes_h='1'
ac_cv_have_u_int16_t='1'
ac_cv_have_uint16_t='1'
ac_cv_have_unistd_h='1'
ac_google_end_namespace='}'
ac_google_namespace='google'
ac_google_start_namespace='namespace google {'
acx_pthread_config=''
am__EXEEXT_FALSE=''
am__EXEEXT_TRUE='#'
am__fastdepCC_FALSE='#'
am__fastdepCC_TRUE=''
am__fastdepCXX_FALSE='#'
am__fastdepCXX_TRUE=''
am__include='include'
am__isrc=''
am__leading_dot='.'
am__nodep='_no'
am__quote=''
am__tar='$${TAR-tar} chof - "$$tardir"'
am__untar='$${TAR-tar} xf -'
bindir='${exec_prefix}/bin'
build='x86_64-unknown-linux-gnu'
build_alias=''
build_cpu='x86_64'
build_os='linux-gnu'
build_vendor='unknown'
datadir='${datarootdir}'
datarootdir='${prefix}/share'
docdir='${datarootdir}/doc/${PACKAGE_TARNAME}'
dvidir='${docdir}'
exec_prefix='${prefix}'
host='x86_64-unknown-linux-gnu'
host_alias=''
host_cpu='x86_64'
host_os='linux-gnu'
host_vendor='unknown'
htmldir='${docdir}'
includedir='${prefix}/include'
infodir='${datarootdir}/info'
install_sh='${SHELL} /home/lill/qukan4/opensource/glog/linux-glog/install-sh'
libdir='${exec_prefix}/lib'
libexecdir='${exec_prefix}/libexec'
localedir='${datarootdir}/locale'
localstatedir='${prefix}/var'
mandir='${datarootdir}/man'
mkdir_p='/bin/mkdir -p'
oldincludedir='/usr/include'
pdfdir='${docdir}'
prefix='/usr/local'
program_transform_name='s,x,x,'
psdir='${docdir}'
sbindir='${exec_prefix}/sbin'
sharedstatedir='${prefix}/com'
sysconfdir='${prefix}/etc'
target_alias=''

## ----------- ##
## confdefs.h. ##
## ----------- ##

/* confdefs.h */
#define PACKAGE_NAME "glog"
#define PACKAGE_TARNAME "glog"
#define PACKAGE_VERSION "0.3.3"
#define PACKAGE_STRING "glog 0.3.3"
#define PACKAGE_BUGREPORT "opensource@google.com"
#define PACKAGE_URL ""
#define PACKAGE "glog"
#define VERSION "0.3.3"
#define HAVE_SYS_TYPES_H 1
#define HAVE_SYS_STAT_H 1
#define HAVE_STDLIB_H 1
#define HAVE_STRING_H 1
#define HAVE_MEMORY_H 1
#define HAVE_STRINGS_H 1
#define HAVE_INTTYPES_H 1
#define HAVE_STDINT_H 1
#define HAVE_UNISTD_H 1
#define HAVE_DLFCN_H 1
#define LT_OBJDIR ".libs/"
#define HAVE_UNISTD_H 1
#define HAVE_SYSCALL_H 1
#define HAVE_SYS_SYSCALL_H 1
#define HAVE_EXECINFO_H 1
#define HAVE_UCONTEXT_H 1
#define HAVE_SYS_UTSNAME_H 1
#define HAVE_PWD_H 1
#define HAVE_SYSLOG_H 1
#define HAVE_SYS_TIME_H 1
#define HAVE_GLOB_H 1
#define HAVE_UNWIND_H 1
#define SIZEOF_VOID_P 8
#define HAVE_SIGALTSTACK 1
#define HAVE_FCNTL 1
#define HAVE___ATTRIBUTE__ 1
#define HAVE___BUILTIN_EXPECT 1
#define HAVE___SYNC_VAL_COMPARE_AND_SWAP 1
#define HAVE_PTHREAD 1
#define HAVE_LIBPTHREAD 1
#define HAVE_RWLOCK 1
#define HAVE_NAMESPACES 1
#define STL_NAMESPACE std
#define GOOGLE_NAMESPACE google
#define _START_GOOGLE_NAMESPACE_ namespace google {
#define _END_GOOGLE_NAMESPACE_ }
#define HAVE_USING_OPERATOR 1
#define HAVE_UCONTEXT_H 1
#define HAVE_SYS_UCONTEXT_H 1
#define PC_FROM_UCONTEXT uc_mcontext.gregs[REG_RIP]
#define TEST_SRC_DIR "."

configure: exit 0

## ---------------------- ##
## Running config.status. ##
## ---------------------- ##

This file was extended by glog config.status 0.3.3, which was
generated by GNU Autoconf 2.69.  Invocation command line was

  CONFIG_FILES    = 
  CONFIG_HEADERS  = 
  CONFIG_LINKS    = 
  CONFIG_COMMANDS = 
  $ ./config.status 

on ubuntu

config.status:1213: creating Makefile
config.status:1213: creating src/glog/logging.h
config.status:1213: creating src/glog/raw_logging.h
config.status:1213: creating src/glog/vlog_is_on.h
config.status:1213: creating src/glog/stl_logging.h
config.status:1213: creating libglog.pc
config.status:1213: creating src/config.h
config.status:1394: src/config.h is unchanged
config.status:1442: executing depfiles commands
config.status:1442: executing libtool commands

## ---------------------- ##
## Running config.status. ##
## ---------------------- ##

This file was extended by glog config.status 0.3.3, which was
generated by GNU Autoconf 2.69.  Invocation command line was

  CONFIG_FILES    = 
  CONFIG_HEADERS  = 
  CONFIG_LINKS    = 
  CONFIG_COMMANDS = 
  $ ./config.status src/config.h

on ubuntu

config.status:1213: creating src/config.h
config.status:1394: src/config.h is unchanged
